0 info it worked if it ends with ok
1 verbose cli [ '/usr/local/bin/node', '/usr/local/bin/npm', 'run', 'single' ]
2 info using npm@4.1.2
3 info using node@v7.6.0
4 verbose run-script [ 'presingle', 'single', 'postsingle' ]
5 info lifecycle protractor-browserstack@0.1.0~presingle: protractor-browserstack@0.1.0
6 silly lifecycle protractor-browserstack@0.1.0~presingle: no script for presingle, continuing
7 info lifecycle protractor-browserstack@0.1.0~single: protractor-browserstack@0.1.0
8 verbose lifecycle protractor-browserstack@0.1.0~single: unsafe-perm in lifecycle true
9 verbose lifecycle protractor-browserstack@0.1.0~single: PATH: /usr/local/lib/node_modules/npm/bin/node-gyp-bin:/Users/kshah/Documents/Development/project/protractor-browserstack/node_modules/.bin:/Library/Frameworks/Python.framework/Versions/3.6/bin:/usr/local/bin:/usr/bin:/bin:/usr/sbin:/sbin:/Library/Frameworks/Mono.framework/Versions/Current/Commands
10 verbose lifecycle protractor-browserstack@0.1.0~single: CWD: /Users/kshah/Documents/Development/project/protractor-browserstack
11 silly lifecycle protractor-browserstack@0.1.0~single: Args: [ '-c', 'protractor conf/single.conf.js' ]
12 silly lifecycle protractor-browserstack@0.1.0~single: Returned: code: 1  signal: null
13 info lifecycle protractor-browserstack@0.1.0~single: Failed to exec single script
14 verbose stack Error: protractor-browserstack@0.1.0 single: `protractor conf/single.conf.js`
14 verbose stack Exit status 1
14 verbose stack     at EventEmitter.<anonymous> (/usr/local/lib/node_modules/npm/lib/utils/lifecycle.js:279:16)
14 verbose stack     at emitTwo (events.js:106:13)
14 verbose stack     at EventEmitter.emit (events.js:192:7)
14 verbose stack     at ChildProcess.<anonymous> (/usr/local/lib/node_modules/npm/lib/utils/spawn.js:40:14)
14 verbose stack     at emitTwo (events.js:106:13)
14 verbose stack     at ChildProcess.emit (events.js:192:7)
14 verbose stack     at maybeClose (internal/child_process.js:890:16)
14 verbose stack     at Process.ChildProcess._handle.onexit (internal/child_process.js:226:5)
15 verbose pkgid protractor-browserstack@0.1.0
16 verbose cwd /Users/kshah/Documents/Development/project/protractor-browserstack
17 error Darwin 15.6.0
18 error argv "/usr/local/bin/node" "/usr/local/bin/npm" "run" "single"
19 error node v7.6.0
20 error npm  v4.1.2
21 error code ELIFECYCLE
22 error protractor-browserstack@0.1.0 single: `protractor conf/single.conf.js`
22 error Exit status 1
23 error Failed at the protractor-browserstack@0.1.0 single script 'protractor conf/single.conf.js'.
23 error Make sure you have the latest version of node.js and npm installed.
23 error If you do, this is most likely a problem with the protractor-browserstack package,
23 error not with npm itself.
23 error Tell the author that this fails on your system:
23 error     protractor conf/single.conf.js
23 error You can get information on how to open an issue for this project with:
23 error     npm bugs protractor-browserstack
23 error Or if that isn't available, you can get their info via:
23 error     npm owner ls protractor-browserstack
23 error There is likely additional logging output above.
24 verbose exit [ 1, true ]
